<?xml version="1.0" encoding="UTF-8"?>
<testsuite name="org.example.SILab2Test" tests="1" skipped="0" failures="0" errors="0" timestamp="2025-05-25T21:13:37" hostname="DESKTOP-E1EPEJD" time="0.036">
  <properties/>
  <testcase name="everyStatementTest()" classname="org.example.SILab2Test" time="0.036"/>
  <system-out><![CDATA[]]></system-out>
  <system-err><![CDATA[]]></system-err>
</testsuite>
